Unity Editor version:    6000.0.59f2 (ef281c76c3c1)
Branch:                  6000.0/respin/6000.0.59f1-063c55f2fd0f
Build type:              Release
Batch mode:              YES
macOS version:           Version 15.6.1 (Build 24G90)
Darwin version:          24.6.0
Architecture:            arm64
Running under Rosetta:   NO
Available memory:        24576 MB
Using pre-set license

COMMAND LINE ARGUMENTS:
/Applications/Unity/Hub/Editor/6000.0.59f2/Unity.app/Contents/MacOS/Unity
-adb2
-batchMode
-noUpm
-name
AssetImportWorker2
-projectPath
/Users/carsonrodgers/Milkway
-logFile
Logs/AssetImportWorker2.log
-srvPort
61438
-job-worker-count
6
-background-job-worker-count
8
-gc-helper-count
1
-name AssetImport
Successfully changed project path to: /Users/carsonrodgers/Milkway
/Users/carsonrodgers/Milkway
[UnityMemory] Configuration Parameters - Can be set up in boot.config
    "memorysetup-bucket-allocator-granularity=16"
    "memorysetup-bucket-allocator-bucket-count=8"
    "memorysetup-bucket-allocator-block-size=33554432"
    "memorysetup-bucket-allocator-block-count=8"
    "memorysetup-main-allocator-block-size=16777216"
    "memorysetup-thread-allocator-block-size=16777216"
    "memorysetup-gfx-main-allocator-block-size=16777216"
    "memorysetup-gfx-thread-allocator-block-size=16777216"
    "memorysetup-cache-allocator-block-size=4194304"
    "memorysetup-typetree-allocator-block-size=2097152"
    "memorysetup-profiler-bucket-allocator-granularity=16"
    "memorysetup-profiler-bucket-allocator-bucket-count=8"
    "memorysetup-profiler-bucket-allocator-block-size=33554432"
    "memorysetup-profiler-bucket-allocator-block-count=8"
    "memorysetup-profiler-allocator-block-size=16777216"
    "memorysetup-profiler-editor-allocator-block-size=1048576"
    "memorysetup-temp-allocator-size-main=16777216"
    "memorysetup-job-temp-allocator-block-size=2097152"
    "memorysetup-job-temp-allocator-block-size-background=1048576"
    "memorysetup-job-temp-allocator-reduction-small-platforms=262144"
    "memorysetup-allocator-temp-initial-block-size-main=262144"
    "memorysetup-allocator-temp-initial-block-size-worker=262144"
    "memorysetup-temp-allocator-size-background-worker=32768"
    "memorysetup-temp-allocator-size-job-worker=262144"
    "memorysetup-temp-allocator-size-preload-manager=33554432"
    "memorysetup-temp-allocator-size-nav-mesh-worker=65536"
    "memorysetup-temp-allocator-size-audio-worker=65536"
    "memorysetup-temp-allocator-size-cloud-worker=32768"
    "memorysetup-temp-allocator-size-gi-baking-worker=262144"
    "memorysetup-temp-allocator-size-gi-baking-worker=262144"
    "memorysetup-temp-allocator-size-gi-baking-worker=262144"
    "memorysetup-temp-allocator-size-gi-baking-worker=262144"
    "memorysetup-temp-allocator-size-gi-baking-worker=262144"
    "memorysetup-temp-allocator-size-gfx=262144"
Player connection [8673009856]  Target information:

Player connection [8673009856]  * "[IP] 192.168.1.28 [Port] 0 [Flags] 2 [Guid] 1497220134 [EditorId] 1497220134 [Version] 1048832 [Id] OSXEditor(0,Carsons-MacBook-Pro.local) [Debug] 1 [PackageName] OSXEditor [ProjectName] Editor" 

Player connection [8673009856] Host joined multi-casting on [225.0.0.222:54997]...
Player connection [8673009856] Host joined alternative multi-casting on [225.0.0.222:34997]...
JobSystem: Creating JobQueue using job-worker-count value 6
Input System module state changed to: Initialized.
[Physics::Module] Initialized fallback backend.
[Physics::Module] Id: 0xdecafbad
Library Redirect Path: Library/
[Physics::Module] Selected backend.
[Physics::Module] Name: PhysX
[Physics::Module] Id: 0xf2b8ea05
[Physics::Module] SDK Version: 4.1.2
[Physics::Module] Integration Version: 1.0.0
[Physics::Module] Threading Mode: Multi-Threaded
Refreshing native plugins compatible for Editor in 2.92 ms, found 3 plugins.
Preloading 0 native plugins for Editor in 0.00 ms.
Initialize engine version: 6000.0.59f2 (ef281c76c3c1)
[Subsystems] Discovering subsystems at path /Applications/Unity/Hub/Editor/6000.0.59f2/Unity.app/Contents/Resources/UnitySubsystems
[Subsystems] Discovering subsystems at path /Users/carsonrodgers/Milkway/Assets
GfxDevice: creating device client; kGfxThreadingModeNonThreaded
 preferred device: Apple M4 Pro (high power)
Metal devices available: 1
0: Apple M4 Pro (high power)
Using device Apple M4 Pro (high power)
Initializing Metal device caps: Apple M4 Pro
Initialize mono
Mono path[0] = '/Applications/Unity/Hub/Editor/6000.0.59f2/Unity.app/Contents/Managed'
Mono path[1] = '/Applications/Unity/Hub/Editor/6000.0.59f2/Unity.app/Contents/MonoBleedingEdge/lib/mono/unityjit-macos'
Mono config path = '/Applications/Unity/Hub/Editor/6000.0.59f2/Unity.app/Contents/MonoBleedingEdge/etc'
Using monoOptions --debugger-agent=transport=dt_socket,embedding=1,server=y,suspend=n,address=127.0.0.1:56948
Begin MonoManager ReloadAssembly
Registering precompiled unity dll's ...
Register platform support module: /Applications/Unity/Hub/Editor/6000.0.59f2/Unity.app/Contents/PlaybackEngines/MacStandaloneSupport/UnityEditor.OSXStandalone.Extensions.dll
Registered in 0.001425 seconds.
- Loaded All Assemblies, in  0.210 seconds
Native extension for OSXStandalone target not found
Mono: successfully reloaded assembly
- Finished resetting the current domain, in  0.203 seconds
Domain Reload Profiling: 413ms
	BeginReloadAssembly (74ms)
		ExecutionOrderSort (0ms)
		DisableScriptedObjects (0ms)
		BackupInstance (0ms)
		ReleaseScriptingObjects (0ms)
		CreateAndSetChildDomain (0ms)
	RebuildCommonClasses (20ms)
	RebuildNativeTypeToScriptingClass (7ms)
	initialDomainReloadingComplete (23ms)
	LoadAllAssembliesAndSetupDomain (85ms)
		LoadAssemblies (74ms)
		RebuildTransferFunctionScriptingTraits (0ms)
		AnalyzeDomain (84ms)
			TypeCache.Refresh (83ms)
				TypeCache.ScanAssembly (76ms)
			BuildScriptInfoCaches (0ms)
			ResolveRequiredComponents (0ms)
	FinalizeReload (203ms)
		ReleaseScriptCaches (0ms)
		RebuildScriptCaches (0ms)
		SetupLoadedEditorAssemblies (178ms)
			LogAssemblyErrors (0ms)
			InitializePlatformSupportModulesInManaged (28ms)
			SetLoadedEditorAssemblies (6ms)
			BeforeProcessingInitializeOnLoad (42ms)
			ProcessInitializeOnLoadAttributes (73ms)
			ProcessInitializeOnLoadMethodAttributes (30ms)
			AfterProcessingInitializeOnLoad (0ms)
			EditorAssembliesLoaded (0ms)
		ExecutionOrderSort2 (0ms)
		AwakeInstancesAfterBackupRestoration (0ms)
========================================================================
Worker process is ready to serve import requests
Import Worker Mode flag is 0x00
Begin MonoManager ReloadAssembly
- Loaded All Assemblies, in  0.432 seconds
Refreshing native plugins compatible for Editor in 0.43 ms, found 3 plugins.
Native extension for OSXStandalone target not found
Package Manager log level set to [2]
[Package Manager] Failed to launch server process. Reason: Unity was launched with the -noUpm command-line argument
[Package Manager] Unable to send message (not connected to server process).
[Package Manager] Cannot connect to Unity Package Manager local server
<HackaTime> API key is not set, skipping initialization...
UnityEngine.Debug:ExtractStackTraceNoAlloc (byte*,int,string)
UnityEngine.StackTraceUtility:ExtractStackTrace () (at /Users/bokken/build/output/unity/unity/Runtime/Export/Scripting/StackTrace.cs:35)
UnityEngine.DebugLogHandler:Internal_Log (UnityEngine.LogType,UnityEngine.LogOption,string,UnityEngine.Object)
UnityEngine.DebugLogHandler:LogFormat (UnityEngine.LogType,UnityEngine.Object,string,object[])
UnityEngine.Logger:Log (UnityEngine.LogType,object)
UnityEngine.Debug:LogWarning (object)
WakaTime.Plugin:Initialize () (at ./Library/PackageCache/com.daniel-geo.unityhackatime@5ac210a9a287/Editor/Plugin.cs:65)
WakaTime.Plugin:.cctor () (at ./Library/PackageCache/com.daniel-geo.unityhackatime@5ac210a9a287/Editor/Plugin.cs:41)
System.Runtime.CompilerServices.RuntimeHelpers:RunClassConstructor (System.RuntimeTypeHandle)
UnityEditor.EditorAssemblies:ProcessInitializeOnLoadAttributes (System.Type[]) (at /Users/bokken/build/output/unity/unity/Editor/Mono/EditorAssemblies.cs:118)

(Filename: ./Library/PackageCache/com.daniel-geo.unityhackatime@5ac210a9a287/Editor/Plugin.cs Line: 65)

Mono: successfully reloaded assembly
- Finished resetting the current domain, in  0.457 seconds
Domain Reload Profiling: 885ms
	BeginReloadAssembly (75ms)
		ExecutionOrderSort (0ms)
		DisableScriptedObjects (3ms)
		BackupInstance (0ms)
		ReleaseScriptingObjects (0ms)
		CreateAndSetChildDomain (20ms)
	RebuildCommonClasses (21ms)
	RebuildNativeTypeToScriptingClass (7ms)
	initialDomainReloadingComplete (19ms)
	LoadAllAssembliesAndSetupDomain (306ms)
		LoadAssemblies (189ms)
		RebuildTransferFunctionScriptingTraits (0ms)
		AnalyzeDomain (146ms)
			TypeCache.Refresh (114ms)
				TypeCache.ScanAssembly (103ms)
			BuildScriptInfoCaches (24ms)
			ResolveRequiredComponents (6ms)
	FinalizeReload (457ms)
		ReleaseScriptCaches (0ms)
		RebuildScriptCaches (0ms)
		SetupLoadedEditorAssemblies (388ms)
			LogAssemblyErrors (0ms)
			InitializePlatformSupportModulesInManaged (1ms)
			SetLoadedEditorAssemblies (2ms)
			BeforeProcessingInitializeOnLoad (67ms)
			ProcessInitializeOnLoadAttributes (262ms)
			ProcessInitializeOnLoadMethodAttributes (56ms)
			AfterProcessingInitializeOnLoad (1ms)
			EditorAssembliesLoaded (0ms)
		ExecutionOrderSort2 (0ms)
		AwakeInstancesAfterBackupRestoration (2ms)
WARNING: Shader Unsupported: 'Universal Render Pipeline/VR/SpatialMapping/Wireframe' - All subshaders removed
WARNING: Shader Did you use #pragma only_renderers and omit this platform?
WARNING: Shader If subshaders removal was intentional, you may have forgotten turning Fallback off?
WARNING: Shader Unsupported: 'Universal Render Pipeline/VR/SpatialMapping/Wireframe' - All subshaders removed
WARNING: Shader Did you use #pragma only_renderers and omit this platform?
WARNING: Shader If subshaders removal was intentional, you may have forgotten turning Fallback off?
Launching external process: /Applications/Unity/Hub/Editor/6000.0.59f2/Unity.app/Contents/Tools/UnityShaderCompiler
Launched and connected shader compiler UnityShaderCompiler after 0.14 seconds
Refreshing native plugins compatible for Editor in 0.66 ms, found 3 plugins.
Preloading 0 native plugins for Editor in 0.00 ms.
Unloading 14 Unused Serialized files (Serialized files now loaded: 0)
Unloading 6712 unused Assets / (3.5 MB). Loaded Objects now: 7416.
Memory consumption went from 146.8 MB to 143.3 MB.
Total: 4.857875 ms (FindLiveObjects: 0.254042 ms CreateObjectMapping: 0.120375 ms MarkObjects: 3.524666 ms  DeleteObjects: 0.958542 ms)

========================================================================
Received Import Request.
  Time since last request: 740807.261222 seconds.
  path: Assets/New Tile Palette.prefab
  artifactKey: Guid(5c607fc9fb9da44ff9ee5572f7683384) Importer(815301076,1909f56bfc062723c751e8b465ee728b)
Start importing Assets/New Tile Palette.prefab using Guid(5c607fc9fb9da44ff9ee5572f7683384) Importer(815301076,1909f56bfc062723c751e8b465ee728b) (PreviewImporter) -> (artifact id: '3700d61b75bdfae536a9f3bbcbf84a8b') in 0.22256375 seconds
Number of updated asset objects reloaded before import = 0Number of asset objects unloaded after import = 10

========================================================================
Received Import Request.
  Time since last request: 0.000049 seconds.
  path: Assets/New Tile Palette.prefab
  artifactKey: Guid(5c607fc9fb9da44ff9ee5572f7683384) Importer(815301076,1909f56bfc062723c751e8b465ee728b)
Start importing Assets/New Tile Palette.prefab using Guid(5c607fc9fb9da44ff9ee5572f7683384) Importer(815301076,1909f56bfc062723c751e8b465ee728b) (PreviewImporter) -> (artifact id: '47f6467586755ac992f5fedc5ded8142') in 0.04126675 seconds
Number of updated asset objects reloaded before import = 0Number of asset objects unloaded after import = 15

========================================================================
Received Import Request.
  Time since last request: 0.891348 seconds.
  path: Assets/New Tile Palette.prefab
  artifactKey: Guid(5c607fc9fb9da44ff9ee5572f7683384) Importer(2089858483,192608db42251d675da83286b1cce702)
Start importing Assets/New Tile Palette.prefab using Guid(5c607fc9fb9da44ff9ee5572f7683384) Importer(2089858483,192608db42251d675da83286b1cce702) (ScriptedImporter) -> (artifact id: '742d0c72e05f8c69458e767e9511430f') in 0.087629625 seconds
Number of updated asset objects reloaded before import = 0Number of asset objects unloaded after import = 10

========================================================================
Received Import Request.
  Time since last request: 123.155397 seconds.
  path: Assets/New Palette.prefab
  artifactKey: Guid(acc71645d497944fcb10d4b364fcab75) Importer(2089858483,192608db42251d675da83286b1cce702)
Start importing Assets/New Palette.prefab using Guid(acc71645d497944fcb10d4b364fcab75) Importer(2089858483,192608db42251d675da83286b1cce702) (ScriptedImporter) -> (artifact id: 'df7ec5bd12b77966fd687b9ee00fab09') in 0.003119208 seconds
Number of updated asset objects reloaded before import = 0Number of asset objects unloaded after import = 10

========================================================================
Received Import Request.
  Time since last request: 16.431543 seconds.
  path: Assets/New Palette.prefab
  artifactKey: Guid(acc71645d497944fcb10d4b364fcab75) Importer(2089858483,192608db42251d675da83286b1cce702)
Start importing Assets/New Palette.prefab using Guid(acc71645d497944fcb10d4b364fcab75) Importer(2089858483,192608db42251d675da83286b1cce702) (ScriptedImporter) -> (artifact id: '900db1aa7c1f222bf022693b0fd0079c') in 0.00651925 seconds
Number of updated asset objects reloaded before import = 0Number of asset objects unloaded after import = 10

========================================================================
Received Import Request.
  Time since last request: 20.955928 seconds.
  path: Assets/New Palette.prefab
  artifactKey: Guid(acc71645d497944fcb10d4b364fcab75) Importer(815301076,1909f56bfc062723c751e8b465ee728b)
Start importing Assets/New Palette.prefab using Guid(acc71645d497944fcb10d4b364fcab75) Importer(815301076,1909f56bfc062723c751e8b465ee728b) (PreviewImporter) -> (artifact id: 'eb13b9a4ef81673a1f3b77c6a29b4237') in 0.015761375 seconds
Number of updated asset objects reloaded before import = 0Number of asset objects unloaded after import = 15

========================================================================
Received Import Request.
  Time since last request: 3.858800 seconds.
  path: Assets/InputSystem_Actions.inputactions
  artifactKey: Guid(2bcd2660ca9b64942af0de543d8d7100) Importer(815301076,1909f56bfc062723c751e8b465ee728b)
Start importing Assets/InputSystem_Actions.inputactions using Guid(2bcd2660ca9b64942af0de543d8d7100) Importer(815301076,1909f56bfc062723c751e8b465ee728b) (PreviewImporter) -> (artifact id: '848e9b86361ff5d0f27deffee3873d7c') in 0.00197675 seconds
Number of updated asset objects reloaded before import = 0Number of asset objects unloaded after import = 19

========================================================================
Received Import Request.
  Time since last request: 4.264701 seconds.
  path: Assets/New Palette.prefab
  artifactKey: Guid(acc71645d497944fcb10d4b364fcab75) Importer(815301076,1909f56bfc062723c751e8b465ee728b)
Start importing Assets/New Palette.prefab using Guid(acc71645d497944fcb10d4b364fcab75) Importer(815301076,1909f56bfc062723c751e8b465ee728b) (PreviewImporter) -> (artifact id: 'bdeef49aa01a8b3e0aceeb66a3115f34') in 0.012866916 seconds
Number of updated asset objects reloaded before import = 0Number of asset objects unloaded after import = 15

========================================================================
Received Import Request.
  Time since last request: 0.958835 seconds.
  path: Assets/New Palette.prefab
  artifactKey: Guid(acc71645d497944fcb10d4b364fcab75) Importer(2089858483,192608db42251d675da83286b1cce702)
Start importing Assets/New Palette.prefab using Guid(acc71645d497944fcb10d4b364fcab75) Importer(2089858483,192608db42251d675da83286b1cce702) (ScriptedImporter) -> (artifact id: '1576828b1f91b64ba85b3985926ba3a4') in 0.005198584 seconds
Number of updated asset objects reloaded before import = 0Number of asset objects unloaded after import = 10

========================================================================
Received Import Request.
  Time since last request: 4.564814 seconds.
  path: Assets/New Palette.prefab
  artifactKey: Guid(acc71645d497944fcb10d4b364fcab75) Importer(815301076,1909f56bfc062723c751e8b465ee728b)
Start importing Assets/New Palette.prefab using Guid(acc71645d497944fcb10d4b364fcab75) Importer(815301076,1909f56bfc062723c751e8b465ee728b) (PreviewImporter) -> (artifact id: 'f8bf2f1a9331b0a3d8a36bcb487f6b02') in 0.035840291 seconds
Number of updated asset objects reloaded before import = 0Number of asset objects unloaded after import = 15

========================================================================
Received Import Request.
  Time since last request: 0.929235 seconds.
  path: Assets/New Palette.prefab
  artifactKey: Guid(acc71645d497944fcb10d4b364fcab75) Importer(2089858483,192608db42251d675da83286b1cce702)
Start importing Assets/New Palette.prefab using Guid(acc71645d497944fcb10d4b364fcab75) Importer(2089858483,192608db42251d675da83286b1cce702) (ScriptedImporter) -> (artifact id: 'd2d01a17cd38617c8e3dbd173d763ac1') in 0.004898917 seconds
Number of updated asset objects reloaded before import = 0Number of asset objects unloaded after import = 10

========================================================================
Received Import Request.
  Time since last request: 1.279890 seconds.
  path: Assets/New Palette.prefab
  artifactKey: Guid(acc71645d497944fcb10d4b364fcab75) Importer(815301076,1909f56bfc062723c751e8b465ee728b)
Start importing Assets/New Palette.prefab using Guid(acc71645d497944fcb10d4b364fcab75) Importer(815301076,1909f56bfc062723c751e8b465ee728b) (PreviewImporter) -> (artifact id: 'baf356a54a578bfbcbe6f1c78337bb67') in 0.008065833 seconds
Number of updated asset objects reloaded before import = 0Number of asset objects unloaded after import = 15

========================================================================
Received Import Request.
  Time since last request: 0.958932 seconds.
  path: Assets/New Palette.prefab
  artifactKey: Guid(acc71645d497944fcb10d4b364fcab75) Importer(2089858483,192608db42251d675da83286b1cce702)
Start importing Assets/New Palette.prefab using Guid(acc71645d497944fcb10d4b364fcab75) Importer(2089858483,192608db42251d675da83286b1cce702) (ScriptedImporter) -> (artifact id: 'f7c35c155df7114375768f305bb8f1d8') in 0.005320875 seconds
Number of updated asset objects reloaded before import = 0Number of asset objects unloaded after import = 10

========================================================================
Received Import Request.
  Time since last request: 0.239481 seconds.
  path: Assets/New Palette.prefab
  artifactKey: Guid(acc71645d497944fcb10d4b364fcab75) Importer(815301076,1909f56bfc062723c751e8b465ee728b)
Start importing Assets/New Palette.prefab using Guid(acc71645d497944fcb10d4b364fcab75) Importer(815301076,1909f56bfc062723c751e8b465ee728b) (PreviewImporter) -> (artifact id: 'a4e31c5d8e66a7ab89f34fa8964d2cf1') in 0.007335625 seconds
Number of updated asset objects reloaded before import = 0Number of asset objects unloaded after import = 15

========================================================================
Received Import Request.
  Time since last request: 4328.673962 seconds.
  path: Assets/pixil-frame-0-19.png
  artifactKey: Guid(dda78c2279c124dbf89b28e40eff5440) Importer(2089858483,192608db42251d675da83286b1cce702)
Start importing Assets/pixil-frame-0-19.png using Guid(dda78c2279c124dbf89b28e40eff5440) Importer(2089858483,192608db42251d675da83286b1cce702) (ScriptedImporter) -> (artifact id: 'efd8189b705fd970e61a4601e608f2e8') in 0.051216875 seconds
Number of updated asset objects reloaded before import = 0Number of asset objects unloaded after import = 7

========================================================================
Received Import Request.
  Time since last request: 6.222461 seconds.
  path: Assets/pixil-frame-0-19_3.asset
  artifactKey: Guid(e24843ab6314244c6864f57d33abbf21) Importer(2089858483,192608db42251d675da83286b1cce702)
Start importing Assets/pixil-frame-0-19_3.asset using Guid(e24843ab6314244c6864f57d33abbf21) Importer(2089858483,192608db42251d675da83286b1cce702) (ScriptedImporter) -> (artifact id: 'a6dde2186127961e000dba521b225bd6') in 0.006872292 seconds
Number of updated asset objects reloaded before import = 0Number of asset objects unloaded after import = 2

========================================================================
Received Import Request.
  Time since last request: 0.000040 seconds.
  path: Assets/pixil-frame-0-19_2.asset
  artifactKey: Guid(2224824cb07bb4c8b9d45b9241c8654b) Importer(2089858483,192608db42251d675da83286b1cce702)
Start importing Assets/pixil-frame-0-19_2.asset using Guid(2224824cb07bb4c8b9d45b9241c8654b) Importer(2089858483,192608db42251d675da83286b1cce702) (ScriptedImporter) -> (artifact id: '0a25f6b0aa8827675deeec1ef22044ef') in 0.00260275 seconds
Number of updated asset objects reloaded before import = 0Number of asset objects unloaded after import = 2

========================================================================
Received Import Request.
  Time since last request: 0.000029 seconds.
  path: Assets/New Palette.prefab
  artifactKey: Guid(acc71645d497944fcb10d4b364fcab75) Importer(2089858483,192608db42251d675da83286b1cce702)
Start importing Assets/New Palette.prefab using Guid(acc71645d497944fcb10d4b364fcab75) Importer(2089858483,192608db42251d675da83286b1cce702) (ScriptedImporter) -> (artifact id: '96df9955814a42cdce3bccc797052cd0') in 0.003148333 seconds
Number of updated asset objects reloaded before import = 0Number of asset objects unloaded after import = 10

========================================================================
Received Import Request.
  Time since last request: 27.988002 seconds.
  path: Assets/pixil-frame-0-19.png
  artifactKey: Guid(dda78c2279c124dbf89b28e40eff5440) Importer(815301076,1909f56bfc062723c751e8b465ee728b)
Start importing Assets/pixil-frame-0-19.png using Guid(dda78c2279c124dbf89b28e40eff5440) Importer(815301076,1909f56bfc062723c751e8b465ee728b) (PreviewImporter) -> (artifact id: '70c7fe58c38914ac6bc1fd82f8adc325') in 0.08294325 seconds
Number of updated asset objects reloaded before import = 0Number of asset objects unloaded after import = 7

========================================================================
Received Import Request.
  Time since last request: 10.588856 seconds.
  path: Assets/pixil-frame-0-19.png
  artifactKey: Guid(dda78c2279c124dbf89b28e40eff5440) Importer(815301076,1909f56bfc062723c751e8b465ee728b)
Start importing Assets/pixil-frame-0-19.png using Guid(dda78c2279c124dbf89b28e40eff5440) Importer(815301076,1909f56bfc062723c751e8b465ee728b) (PreviewImporter) -> (artifact id: 'e03567fe5d1c39ff8d1b9a3806c9a457') in 0.018041417 seconds
Number of updated asset objects reloaded before import = 0Number of asset objects unloaded after import = 7

========================================================================
Received Import Request.
  Time since last request: 13.546068 seconds.
  path: Assets/New Palette.prefab
  artifactKey: Guid(acc71645d497944fcb10d4b364fcab75) Importer(2089858483,192608db42251d675da83286b1cce702)
Start importing Assets/New Palette.prefab using Guid(acc71645d497944fcb10d4b364fcab75) Importer(2089858483,192608db42251d675da83286b1cce702) (ScriptedImporter) -> (artifact id: '9e13b8543215b844d76495c490fc20c0') in 0.0044535 seconds
Number of updated asset objects reloaded before import = 0Number of asset objects unloaded after import = 10

========================================================================
Received Import Request.
  Time since last request: 10.641978 seconds.
  path: Assets/New Palette 1.prefab
  artifactKey: Guid(2d0dd3f098e6345a2a0f3bd8fb03c467) Importer(2089858483,192608db42251d675da83286b1cce702)
Start importing Assets/New Palette 1.prefab using Guid(2d0dd3f098e6345a2a0f3bd8fb03c467) Importer(2089858483,192608db42251d675da83286b1cce702) (ScriptedImporter) -> (artifact id: '80e48ab2c03154f4b13955b8ee537dd5') in 0.002567208 seconds
Number of updated asset objects reloaded before import = 0Number of asset objects unloaded after import = 10

========================================================================
Received Import Request.
  Time since last request: 7.596923 seconds.
  path: Assets/pixil-frame-0-19_4 1.asset
  artifactKey: Guid(ebee0253974254cbb93eef2fe7dc3194) Importer(2089858483,192608db42251d675da83286b1cce702)
Start importing Assets/pixil-frame-0-19_4 1.asset using Guid(ebee0253974254cbb93eef2fe7dc3194) Importer(2089858483,192608db42251d675da83286b1cce702) (ScriptedImporter) -> (artifact id: '9ff890481a8783a988396389c8729d8d') in 0.002661125 seconds
Number of updated asset objects reloaded before import = 0Number of asset objects unloaded after import = 2

========================================================================
Received Import Request.
  Time since last request: 0.000045 seconds.
  path: Assets/New Palette 1.prefab
  artifactKey: Guid(2d0dd3f098e6345a2a0f3bd8fb03c467) Importer(2089858483,192608db42251d675da83286b1cce702)
Start importing Assets/New Palette 1.prefab using Guid(2d0dd3f098e6345a2a0f3bd8fb03c467) Importer(2089858483,192608db42251d675da83286b1cce702) (ScriptedImporter) -> (artifact id: 'f8dc17115fe0bbfe8a169b9cd25bc375') in 0.004945542 seconds
Number of updated asset objects reloaded before import = 0Number of asset objects unloaded after import = 10

========================================================================
Received Import Request.
  Time since last request: 0.000038 seconds.
  path: Assets/pixil-frame-0-19_0 1.asset
  artifactKey: Guid(f3b559df3a15a4a57b3d48a82de7cd43) Importer(2089858483,192608db42251d675da83286b1cce702)
Start importing Assets/pixil-frame-0-19_0 1.asset using Guid(f3b559df3a15a4a57b3d48a82de7cd43) Importer(2089858483,192608db42251d675da83286b1cce702) (ScriptedImporter) -> (artifact id: 'eda4c270d5f15554d9db27c26a435d1a') in 0.002411208 seconds
Number of updated asset objects reloaded before import = 0Number of asset objects unloaded after import = 2

========================================================================
Received Import Request.
  Time since last request: 0.000049 seconds.
  path: Assets/pixil-frame-0-19_1 1.asset
  artifactKey: Guid(25c7ebb059fb540c0a82b140bcffff14) Importer(2089858483,192608db42251d675da83286b1cce702)
Start importing Assets/pixil-frame-0-19_1 1.asset using Guid(25c7ebb059fb540c0a82b140bcffff14) Importer(2089858483,192608db42251d675da83286b1cce702) (ScriptedImporter) -> (artifact id: '8baca3565daba1fda241336a1d54deb0') in 0.002632792 seconds
Number of updated asset objects reloaded before import = 0Number of asset objects unloaded after import = 2

========================================================================
Received Import Request.
  Time since last request: 0.000045 seconds.
  path: Assets/pixil-frame-0-19_3 1.asset
  artifactKey: Guid(cc3a08f8096ab4954acf588c7832b104) Importer(2089858483,192608db42251d675da83286b1cce702)
Start importing Assets/pixil-frame-0-19_3 1.asset using Guid(cc3a08f8096ab4954acf588c7832b104) Importer(2089858483,192608db42251d675da83286b1cce702) (ScriptedImporter) -> (artifact id: 'f9e4575d170ca04682c59f9f852b566e') in 0.002494166 seconds
Number of updated asset objects reloaded before import = 0Number of asset objects unloaded after import = 2

Editor requested this worker to shutdown with reason: Scaling down because of idle timeout
AssetImportWorker is now disconnected from the server
Process exiting
